<?xml version="1.0" encoding="UTF-8"?>
<testsuite xmlns:xsi="http://www.w3.org/2001/XMLSchema-instance" xsi:noNamespaceSchemaLocation="https://maven.apache.org/surefire/maven-surefire-plugin/xsd/surefire-test-report.xsd" name="lesson3.PolyndromeTest" time="0.459" tests="2" errors="0" skipped="0" failures="0">
  <properties>
[...]
</properties>
  <testcase name="polyndromeExceptionTest" classname="lesson3.PolyndromeTest" time="0.269"/>
  <testcase name="polyndromeValidTest" classname="lesson3.PolyndromeTest" time="0.009"/>
</testsuite>